C51 COMPILER V9.00   MAX7219                                                               03/09/2015 22:43:04 PAGE 1   


C51 COMPILER V9.00, COMPILATION OF MODULE MAX7219
OBJECT MODULE PLACED IN MAX7219.OBJ
COMPILER INVOKED BY: C:\Keil\C51\BIN\C51.EXE MAX7219.c BROWSE DEBUG OBJECTEXTEND

line level    source

   1          /*------------------------------------------------------------------------------------
   2           * Ŀ:
   3          
   4               MAX7219v1.0
   5          
   6           * :
   7          
   8               1CODE-B뷽ʽʾ
   9                   2ǽ뷽ʽʾַֺ
  10                   3򿪻رʾ
  11          
  12           * ȨϢ:
  13          
  14               (c) , 2012.
  15          
  16           * ʷ汾:
  17                   2012-11-26
  18                     -ʾ
  19                   2012-11-25
  20                     -޸˶Լģʽ֧
  21               2012-06-30:
  22                 - ʼ汾 V1.0.0;
  23          
  24           * ע:
  25               - ʹǰҪMAX7219.hļͨŽӿڡͳʼ
  26          -------------------------------------------------------------------------------------*/
  27          
  28          /************************ͷļ***************************************************/
  29          
  30          #include <reg51.h>
  31          #include "max7219.h"
  32          
  33          /***************************************************************************/
  34          
  35          unsigned char code Seg_test[8]={0x40,0x20,0x10,0x08,0x04,0x02,0x01,0x80};                                                //˶ʾÿһ
  36          unsigned char code Number_arr[10]={0x7e,0x30,0x6d,0x79,0x33,0x5b,0x5f,0x70,0x7f,0x7b};                           //0-9
             -
  37          unsigned char code Character_arr[53]={0x77,0,0x4e,0,0x4f,0x47,0,0x37,0,0,0,0x0e,0,0,0,                           //ܿʾ
             -ַ
  38                                                                                    0x67,0x73,0,0,0,0x3e,0,0,0,0,0,0,0,0,0,0x08,0,0,0x1f,                  //_,A,C,E,F,H,L,P,Q,U,-,b,c,d,h,l,
             -n,o,u
  39                                                                                    0x0d,0x3d,0,0,0,0x17,0,0,0,0x06,0,0x15,0x1d,0,0,0x05,0,0,0x1c};
  40          
  41          /*************************************************************************************
  42          *void DISPLAY_TEST(void)
  43          *  ܣMAX7219ʾԣܵԶΣڼܵ״̬
  44          *˵  DISPLAY_TEST_REGISTERΪ0x01ʾģʽΪ0x00˳ģʽ
  45          **************************************************************************************/
  46          void DISPLAY_TEST(void)
  47          {
  48   1              unsigned char i;
  49   1              for(i=0;i<=SNUM;i++) 
  50   1              {
  51   2                      Write7219(i,DISPLAY_TEST_REGISTER,0x01);
  52   2              }
C51 COMPILER V9.00   MAX7219                                                               03/09/2015 22:43:04 PAGE 2   

  53   1      }
  54          /*************************************************************************************
  55          *void DISPLAY_NORMAL(void)
  56          *  ܣMAX7219ʾ
  57          *˵  DISPLAY_TEST_REGISTERΪ0x01ʾģʽΪ0x00˳ģʽ
  58          **************************************************************************************/
  59          void DISPLAY_NORMAL(void)
  60          {
  61   1              unsigned char i;
  62   1              for(i=0;i<=SNUM;i++) 
  63   1              {
  64   2                      Write7219(i,DISPLAY_TEST_REGISTER,0x00);
  65   2              }
  66   1      }
  67          /*************************************************************************************
  68          *void SHUT_DOWN(void)
  69          *  ܣMAX7219رʾ
  70          *˵  SHUT_DOWN_REGISTERĴΪ0x00ԹرʾΪ0x01ʾ
  71          **************************************************************************************/
  72          void SHUT_DOWN(void)
  73          {
  74   1              unsigned char i;
  75   1              for(i=0;i<=SNUM;i++) 
  76   1              {
  77   2                      Write7219(i,SHUT_DOWN_REGISTER,0x00);
  78   2              }
  79   1      }
  80          /*************************************************************************************
  81          *void RE_DISPLAY(void)
  82          *ܣMAX7219 ָʾ
  83          *˵  SHUT_DOWN_REGISTERĴΪ0x00ԹرʾΪ0x01ʾ
  84          **************************************************************************************/
  85          void RE_DISPLAY(void)
  86          {
  87   1              unsigned char i;
  88   1              for(i=0;i<=SNUM;i++) 
  89   1              {
  90   2                      Write7219(i,SHUT_DOWN_REGISTER,0x01);
  91   2              }
  92   1      }
  93          /*************************************************************************************
  94          *:void OPEN_DECODE_MODE(void)
  95          *  ܣMAX7219 򿪽ģʽ
  96          *˵  MAX7219.hļʼģʽDECODE_MODE_INITֵmax7219Ľģʽ
  97          **************************************************************************************/
  98          void OPEN_DECODE_MODE(void)
  99          {
 100   1              unsigned char i;
 101   1              for(i=0;i<=SNUM;i++) 
 102   1              {
 103   2                      Write7219(i,DECODE_MODE_REGISTER,DECODE_MODE_INIT);
 104   2              }
 105   1      }
 106          /*************************************************************************************
 107          *void CLOSE_DECODE_MODE(void)
 108          *  ܣMAX7219 رսģʽ
 109          *˵  DECODE_MODE_REGISTERĴֵΪ0x00Թرսģʽ
 110          **************************************************************************************/
 111          void CLOSE_DECODE_MODE(void)
 112          {
 113   1              unsigned char i;
 114   1              for(i=0;i<=SNUM;i++) 
C51 COMPILER V9.00   MAX7219                                                               03/09/2015 22:43:04 PAGE 3   

 115   1              {
 116   2                      Write7219(i,DECODE_MODE_REGISTER,0x00);
 117   2              }
 118   1      }
 119          /*************************************************************************************
 120          *void SET_INTENSITY(unsigned char level)
 121          *ܣMAX7219 ȵȼȣȡֵ0x000x0F,
 122          **************************************************************************************/
 123          void SET_INTENSITY(unsigned char level)
 124          {
 125   1              unsigned char i;
 126   1              for(i=0;i<=SNUM;i++) 
 127   1              {
 128   2                      Write7219(i,INTENSITY_REGISTER,level);
 129   2              }
 130   1      }
 131          /*************************************************************************************
 132          *void CLEAR_DISPLAY(void)
 133          *  ܣMAX7219 ʾ
 134          *˵  max7219ʾĴֵΪ0x00
 135                           ϵʼmax7219ãֹʾ 
 136          **************************************************************************************/
 137          void CLEAR_DISPLAY(void)
 138          {
 139   1              unsigned char i,j;
 140   1              for(i=0;i<=SNUM;i++) 
 141   1              {
 142   2                      for(j=1;j<=8;j++)
 143   2                      {
 144   3                              Max7219_UserDecode_Display(i,j,' ',0);
 145   3                      }
 146   2              }
 147   1      }
 148          
 149          /*************************************************************************************
 150          *void Init_Max7219(void)
 151          *ܣMAX7219 ʼ,MAX7219 ڲĿƼĴ
 152          **************************************************************************************/
 153          void Init_Max7219(void)
 154          {
 155   1              unsigned char i;
 156   1              for(i=1;i<=SNUM;i++)
 157   1              {
 158   2                      Write7219(i,SHUT_DOWN_REGISTER,SHUT_DOWN_INIT);                         //ģʽ0xX1 
 159   2                      Write7219(i,DISPLAY_TEST_REGISTER,DISPLAY_TEST_INIT);           //ѡģʽ0xff
 160   2                      Write7219(i,DECODE_MODE_REGISTER,DECODE_MODE_INIT);                     //ѡCODEB 0-3
 161   2                      Write7219(i,SCAN_LIMIT_REGISTER,SCAN_LIMIT_INIT);                       //ѡ0-4
 162   2                      Write7219(i,INTENSITY_REGISTER,INTENSITY_INIT);                         //óʼ
 163   2              }
 164   1      }
 165          /*************************************************************************************
 166          *void Write7219(unsigned char address,unsigned char dat)
 167          *ܣַݷӳ
 168          *numڼĵڼƬģʾǰΪ123...
 169                     addressʾַ
 170                     dat
 171          **************************************************************************************/
 172          void Write7219(unsigned char num,unsigned char address,unsigned char dat)
 173          {
 174   1              unsigned char i,j;
 175   1              CS=0;                                           // Ƭѡ, ѡ 
 176   1      
C51 COMPILER V9.00   MAX7219                                                               03/09/2015 22:43:04 PAGE 4   

 177   1              for(i=0;i<(SNUM-num);i++)
 178   1                      for(j=0;j<16;j++)
 179   1                      {
 180   2                              CLK=0;                          // ʱ 
 181   2                              DI=0;
 182   2                              CLK=1;
 183   2                      }
 184   1      
 185   1              for (i=0;i<8;i++)                       // λѭ8 
 186   1              {
 187   2                      CLK=0;                                  // ʱ 
 188   2                      if((address &0x80))             // ÿȡλ
 189   2                      {
 190   3                              DI=1;
 191   3                      }
 192   2                      else
 193   2                      {
 194   3                              DI=0;
 195   3                      }
 196   2      
 197   2                      address <<=1;                   // һλ
 198   2                      CLK=1;                              // ʱ,͵ַ 
 199   2              }
 200   1      
 201   1              for (i=0;i<8;i++)
 202   1              {
 203   2                      CLK=0;
 204   2                      if((dat&0x80))
 205   2                      DI=1;
 206   2                      else
 207   2                      DI=0;
 208   2                      dat <<=1; 
 209   2                      CLK=1;
 210   2              }
 211   1              for(i=0;i<(num-1);i++)
 212   1                      for(j=0;j<16;j++)
 213   1                      {
 214   2                              CLK=0;                          // ʱ 
 215   2                              DI=0;
 216   2                              CLK=1;
 217   2                      }
 218   1      
 219   1              CS=1;                                           // ͽ, 
 220   1      }
 221          /*************************************************************************************
 222          *init_system
 223          *ܣʼCS | DI | CLKʹCS | DI | CLKʼ״̬Ϊ
 224          **************************************************************************************/
 225          void Init_system()
 226          {
 227   1              CS=0;
 228   1              DI=0;
 229   1              CLK=0;
 230   1              CS=1;
 231   1              DI=1;
 232   1              CLK=1;
 233   1      }
 234          /*************************************************************************************
 235          *Max7219_Decode_Display(unsigned char adress,unsigned dat,unsigned char dot)
 236          *ܣģʽдַӳ
 237          *numڼĵڼƬģʾǰΪ123...
 238                     addressʾַ
C51 COMPILER V9.00   MAX7219                                                               03/09/2015 22:43:04 PAGE 5   

 239                     c
 240                     dotǷʾС㣬0ʾ 1;ʾ
 241          **************************************************************************************/
 242          void Max7219_Decode_Display(unsigned char num,unsigned char adress,unsigned char c,unsigned char dot)
 243          {
 244   1              OPEN_DECODE_MODE();
 245   1              
 246   1              if((dot&0x01)==0x01)            //жǷʾС㣬dotΪ1ʾС
 247   1              {
 248   2                      c=c|0x80;
 249   2              }
 250   1              Write7219(num,adress,c);
 251   1      }
 252          
 253          /*************************************************************************************
 254          *Max7219_UserDecode_Display(unsigned char adress,unsigned dat,unsigned char dot)
 255          *ܣǽģʽдַӳ
 256          *numڼĵڼƬģʾǰΪ123...
 257                     addressʾַ
 258                     c
 259                     dotǷʾС㣬0ʾ 1;ʾ
 260          **************************************************************************************/
 261          void Max7219_UserDecode_Display(unsigned char num,unsigned char adress,unsigned char c,unsigned char dot)
 262          {
 263   1              CLOSE_DECODE_MODE();
 264   1              
 265   1              if((dot&0x01)==0x01)                                                    //жǷʾС㣬dotΪ1ʾС
 266   1              {
 267   2                      c=c|0x80;
 268   2              }
 269   1              if(c>=0&&c<=9)                                                                  //жǷΪ
 270   1              {
 271   2                      Write7219(num,adress,Number_arr[c]);
 272   2              }
 273   1              if(c>=65&&c<=117)                                                               //жǷΪַӡA'u
 274   1              {
 275   2                      Write7219(num,adress,Character_arr[(c-65)]);
 276   2              }
 277   1              if(c==45)                                                                               //жǷΪ-
 278   1              {
 279   2                      Write7219(num,adress,0x01);
 280   2              }
 281   1              if(c==32)                                                                               //ʾհ
 282   1              {
 283   2                      Write7219(num,adress,0x00);
 284   2              } 
 285   1              if(c==61)                                                                           //жǷΪ=
 286   1              {
 287   2                      Write7219(num,adress,0x09);
 288   2              }
 289   1              if(c==46)                                                                           //жǷΪ.
 290   1              {
 291   2                      Write7219(num,adress,0x80);
 292   2              }
 293   1      }
 294          
 295          /*************************************************************************************
 296          *Max7219_Nodecode_Display(unsigned char adress,unsigned dat,unsigned char dot)
 297          *ܣǽģʽдַӳ
 298          *numڼĵڼƬģʾǰΪ123...
 299                     addressʾַ
 300                     c
C51 COMPILER V9.00   MAX7219                                                               03/09/2015 22:43:04 PAGE 6   

 301          **************************************************************************************/
 302          void Max7219_NoDecode_Display(unsigned char num,unsigned char adress,unsigned char c)
 303          {
 304   1              Write7219(num,adress,c);
 305   1      }
 306          /***************************************END********************************************/
 307          
 308          void Lcd_show_number(unsigned int weight)
 309          {       
 310   1              unsigned int i,number = weight;
 311   1              unsigned char show_addr;
 312   1              unsigned char max_bit;
 313   1      
 314   1              for (i=6; i!=0; i--)
 315   1              {
 316   2                      max_bit = number/(10^i);
 317   2                      if(max_bit != 0) {
 318   3                              show_addr++;
 319   3                              Max7219_UserDecode_Display(1,show_addr,max_bit,0);              
 320   3                              number = number%(10^i);
 321   3                      }
 322   2              }
 323   1      }
 324          


MODULE INFORMATION:   STATIC OVERLAYABLE
   CODE SIZE        =    577    ----
   CONSTANT SIZE    =     71    ----
   XDATA SIZE       =   ----    ----
   PDATA SIZE       =   ----    ----
   DATA SIZE        =   ----      24
   IDATA SIZE       =   ----    ----
   BIT SIZE         =   ----    ----
END OF MODULE INFORMATION.


C51 COMPILATION COMPLETE.  0 WARNING(S),  0 ERROR(S)
